{"message":"Server is listening on 8000","level":"error"}
{"message":"Server is listening on 8000","level":"error"}
{"message":"Server is listening on 8000","level":"error"}
{"message":"Teste de ERROR","level":"error"}
{"message":"Error on create user","level":"error"}
{"message":"Error on create user","level":"error"}
{"message":"Error on create user","level":"error"}
{"message":"Error on create user","level":"error"}
{"message":"Error on create user","level":"error"}
{"message":"Error on create user","level":"error"}
{"message":"Error on create user","level":"error"}
{"message":"Error on create user","level":"error"}
{"message":"Error on login user","level":"error"}
{"message":"Error on login user","level":"error"}
{"message":"Error on login user","level":"error"}
{"message":"Error on login user","level":"error"}
{"success":false,"message":"Error on login user","code":400,"data":null,"error":{"hasValidationErrors":true,"validationErrors":[{"target":{"name":"login","email":null,"password":"1234"},"value":null,"property":"email","children":[],"constraints":{"isEmail":"Type a valid e-mail","isNotEmpty":"email should not be empty"}},{"target":{"name":"login","email":null,"password":"1234"},"value":"1234","property":"password","children":[],"constraints":{"minLength":"Password must have more than 6 characters"}}]},"level":"error"}
{"success":false,"message":"Error on login user","code":400,"data":null,"error":{"hasValidationErrors":true,"validationErrors":[{"target":{"name":"login","email":null,"password":"1234"},"value":null,"property":"email","children":[],"constraints":{"isEmail":"Type a valid e-mail","isNotEmpty":"email should not be empty"}},{"target":{"name":"login","email":null,"password":"1234"},"value":"1234","property":"password","children":[],"constraints":{"minLength":"Password must have more than 6 characters"}}]},"level":"error"}
{"success":false,"message":"Error on login user","code":400,"data":null,"error":{"hasValidationErrors":true,"validationErrors":[{"target":{"name":"login","email":null,"password":"121"},"value":null,"property":"email","children":[],"constraints":{"isEmail":"Type a valid e-mail","isNotEmpty":"email should not be empty"}},{"target":{"name":"login","email":null,"password":"121"},"value":"121","property":"password","children":[],"constraints":{"minLength":"Password must have more than 6 characters"}}]},"level":"error"}
{"success":false,"message":"Error on login user","code":400,"data":null,"error":{"hasValidationErrors":true,"validationErrors":[{"target":{"name":"login","email":null,"password":"12324"},"value":null,"property":"email","children":[],"constraints":{"isEmail":"Type a valid e-mail","isNotEmpty":"email should not be empty"}},{"target":{"name":"login","email":null,"password":"12324"},"value":"12324","property":"password","children":[],"constraints":{"minLength":"Password must have more than 6 characters"}}]},"level":"error"}
{"success":false,"message":"Error on login user","code":400,"data":null,"error":{"hasValidationErrors":true,"validationErrors":[{"target":{"name":"login","email":null,"password":"12324"},"value":null,"property":"email","children":[],"constraints":{"isEmail":"Type a valid e-mail","isNotEmpty":"email should not be empty"}},{"target":{"name":"login","email":null,"password":"12324"},"value":"12324","property":"password","children":[],"constraints":{"minLength":"Password must have more than 6 characters"}}]},"level":"error"}
{"success":false,"message":"Error on login user","code":400,"data":null,"error":{"hasValidationErrors":true,"validationErrors":[{"target":{"name":"login","email":null,"password":"1232412"},"value":null,"property":"email","children":[],"constraints":{"isEmail":"Type a valid e-mail","isNotEmpty":"email should not be empty"}}]},"level":"error"}
{"success":false,"message":"Error on login user","code":400,"data":null,"error":{"hasValidationErrors":true,"validationErrors":[{"target":{"name":"login","email":null,"password":"1232412"},"value":null,"property":"email","children":[],"constraints":{"isEmail":"Type a valid e-mail","isNotEmpty":"email should not be empty"}}]},"level":"error"}
{"success":false,"message":"Error on login user","code":400,"data":null,"error":{"hasValidationErrors":true,"validationErrors":[{"target":{"name":"login","email":null,"password":"1232412"},"value":null,"property":"email","children":[],"constraints":{"isEmail":"Type a valid e-mail","isNotEmpty":"email should not be empty"}}]},"level":"error"}
{"success":false,"message":"Error on login user","code":400,"data":null,"error":{"hasValidationErrors":true,"validationErrors":[{"target":{"name":"login","email":null,"password":"121"},"value":null,"property":"email","children":[],"constraints":{"isEmail":"Type a valid e-mail","isNotEmpty":"email should not be empty"}},{"target":{"name":"login","email":null,"password":"121"},"value":"121","property":"password","children":[],"constraints":{"minLength":"Password must have more than 6 characters"}}]},"level":"error"}
{"success":false,"message":"Error on login user","code":400,"data":null,"error":{"hasValidationErrors":true,"validationErrors":[{"target":{"name":"login","email":null,"password":"1212"},"value":null,"property":"email","children":[],"constraints":{"isEmail":"Type a valid e-mail","isNotEmpty":"email should not be empty"}},{"target":{"name":"login","email":null,"password":"1212"},"value":"1212","property":"password","children":[],"constraints":{"minLength":"Password must have more than 6 characters"}}]},"level":"error"}
{"success":false,"message":"Error on login user","code":400,"data":null,"error":{"hasValidationErrors":true,"validationErrors":[{"target":{"name":"login","email":"asas","password":"1212"},"value":"asas","property":"email","children":[],"constraints":{"isEmail":"Type a valid e-mail"}},{"target":{"name":"login","email":"asas","password":"1212"},"value":"1212","property":"password","children":[],"constraints":{"minLength":"Password must have more than 6 characters"}}]},"level":"error"}
{"success":false,"message":"Error on login user","code":400,"data":null,"error":{"hasValidationErrors":true,"validationErrors":[{"target":{"name":"login","email":"asa","password":"122"},"value":"asa","property":"email","children":[],"constraints":{"isEmail":"Type a valid e-mail"}},{"target":{"name":"login","email":"asa","password":"122"},"value":"122","property":"password","children":[],"constraints":{"minLength":"Password must have more than 6 characters"}}]},"level":"error"}
{"success":false,"message":"Error on login user","code":400,"data":null,"error":{"hasValidationErrors":true,"validationErrors":[{"target":{"name":"login","email":"assa","password":"asas"},"value":"assa","property":"email","children":[],"constraints":{"isEmail":"Type a valid e-mail"}},{"target":{"name":"login","email":"assa","password":"asas"},"value":"asas","property":"password","children":[],"constraints":{"minLength":"Password must have more than 6 characters"}}]},"level":"error"}
{"success":false,"message":"Error on login user","code":400,"data":null,"error":{"hasValidationErrors":true,"validationErrors":[{"target":{"name":"login","email":"asa","password":"1212"},"value":"asa","property":"email","children":[],"constraints":{"isEmail":"Type a valid e-mail"}},{"target":{"name":"login","email":"asa","password":"1212"},"value":"1212","property":"password","children":[],"constraints":{"minLength":"Password must have more than 6 characters"}}]},"level":"error"}
