{"message":"Server is listening on 8000","level":"info","service":"user-service"}
{"message":"Server is listening on 8000","level":"info","service":"user-service"}
{"message":"Server is listening on 8000","level":"info","service":"user-service"}
{"message":"Server is listening on 8000","level":"info"}
{"message":"Server is listening on 8000","level":"info"}
{"message":"Server is listening on 8000","level":"info"}
{"message":"Server is listening on 8000","level":"info"}
{"message":"Server is listening on 8000","level":"info"}
{"message":"Server is listening on 8000","level":"error"}
{"message":"Server is listening on 8000","level":"error"}
{"message":"Server is listening on 8000","level":"error"}
{"message":"Teste de ERROR","level":"error"}
{"message":"Teste de info","level":"info"}
{"message":"Server is listening on 8000","level":"info"}
{"message":"Server is listening on 8000","level":"info"}
{"message":"Error on create user","level":"error"}
{"message":"Error on create user","level":"error"}
{"message":"Error on create user","level":"error"}
{"message":"Server is listening on 8000","level":"info"}
{"message":"Server is listening on 8000","level":"info"}
{"message":"Server is listening on 8000","level":"info"}
{"message":"Server is listening on 8000","level":"info"}
{"message":"Error on create user","level":"error"}
{"message":"Server is listening on 8000","level":"info"}
{"message":"Error on create user","level":"error"}
{"message":"Server is listening on 8000","level":"info"}
{"message":"Server is listening on 8000","level":"info"}
{"message":"Server is listening on 8000","level":"info"}
{"message":"Server is listening on 8000","level":"info"}
{"message":"Server is listening on 8000","level":"info"}
{"message":"Server is listening on 8000","level":"info"}
{"message":"Server is listening on 8000","level":"info"}
{"message":"Server is listening on 8000","level":"info"}
{"message":"Server is listening on 8000","level":"info"}
{"message":"Server is listening on 8000","level":"info"}
{"message":"Server is listening on 8000","level":"info"}
{"message":"Server is listening on 8000","level":"info"}
{"message":"Server is listening on 8000","level":"info"}
{"message":"Server is listening on 8000","level":"info"}
{"message":"Server is listening on 8000","level":"info"}
{"message":"Server is listening on 8000","level":"info"}
{"message":"Server is listening on 8000","level":"info"}
{"message":"Server is listening on 8000","level":"info"}
{"message":"Server is listening on 8000","level":"info"}
{"message":"Server is listening on 8000","level":"info"}
{"message":"Server is listening on 8000","level":"info"}
{"message":"Server is listening on 8000","level":"info"}
{"message":"Server is listening on 8000","level":"info"}
{"message":"Error on create user","level":"error"}
{"message":"Error on create user","level":"error"}
{"message":"Server is listening on 8000","level":"info"}
{"message":"Server is listening on 8000","level":"info"}
{"message":"Server is listening on 8000","level":"info"}
{"message":"Server is listening on 8000","level":"info"}
{"message":"Error on create user","level":"error"}
{"message":"Server is listening on 8000","level":"info"}
{"message":"Server is listening on 8000","level":"info"}
{"message":"Error on login user","level":"error"}
{"message":"Error on login user","level":"error"}
{"message":"Server is listening on 8000","level":"info"}
{"message":"Server is listening on 8000","level":"info"}
{"message":"Server is listening on 8000","level":"info"}
{"message":"Server is listening on 8000","level":"info"}
{"message":"Server is listening on 8000","level":"info"}
{"message":"Server is listening on 8000","level":"info"}
{"message":"Server is listening on 8000","level":"info"}
{"message":"Server is listening on 8000","level":"info"}
{"message":"Server is listening on 8000","level":"info"}
{"message":"Server is listening on 8000","level":"info"}
{"message":"Server is listening on 8000","level":"info"}
{"message":"Server is listening on 8000","level":"info"}
{"message":"Server is listening on 8000","level":"info"}
{"message":"Server is listening on 8000","level":"info"}
{"message":"Server is listening on 8000","level":"info"}
{"message":"Server is listening on 8000","level":"info"}
{"message":"Server is listening on 8000","level":"info"}
{"message":"Server is listening on 8000","level":"info"}
{"message":"Server is listening on 8000","level":"info"}
{"message":"Error on login user","level":"error"}
{"message":"Server is listening on 8000","level":"info"}
{"message":"Server is listening on 8000","level":"info"}
{"message":"Error on login user","level":"error"}
{"message":"Server is listening on 8000","level":"info"}
{"message":"Server is listening on 8000","level":"info"}
{"message":"Server is listening on 8000","level":"info"}
{"message":"Server is listening on 8000","level":"info"}
{"message":"Server is listening on 8000","level":"info"}
{"message":"Server is listening on 8000","level":"info"}
{"message":"Server is listening on 8000","level":"info"}
{"message":"Server is listening on 8000","level":"info"}
{"message":"Server is listening on 8000","level":"info"}
{"message":"Server is listening on 8000","level":"info"}
{"message":"Server is listening on 8000","level":"info"}
{"message":"Server is listening on 8000","level":"info"}
{"message":"Server is listening on 8000","level":"info"}
{"message":"Server is listening on 8000","level":"info"}
{"message":"Server is listening on 8000","level":"info"}
{"message":"Server is listening on 8000","level":"info"}
{"message":"Server is listening on 8000","level":"info"}
{"message":"Server is listening on 8000","level":"info"}
{"message":"Server is listening on 8000","level":"info"}
{"message":"Server is listening on 8000","level":"info"}
{"message":"Server is listening on 8000","level":"info"}
{"message":"Server is listening on 8000","level":"info"}
{"message":"Server is listening on 8000","level":"info"}
{"message":"Server is listening on 8000","level":"info"}
{"message":"Server is listening on 8000","level":"info"}
{"success":true,"message":"Success","code":200,"data":[{"uuid":"7a408f2a-a9aa-4224-a4af-4188d38ce1cf","name":"Pablo Insominia","email":"pablo.muro@gmail.com"},{"uuid":"f7767991-2633-4e2b-8764-b36160b54d46","name":"Pablo 2","email":"pablo.muro2@gmail.com"},{"uuid":"d9dd130b-8d88-40b4-b521-e51e7b0cbe3c","name":"Pablo 2","email":"pablo.muro3@gmail.com"}],"error":null,"level":"info"}
{"message":"Server is listening on 8000","level":"info"}
{"success":false,"message":"Error on login user","code":400,"data":null,"error":{"hasValidationErrors":true,"validationErrors":[{"target":{"name":"login","email":null,"password":"1234"},"value":null,"property":"email","children":[],"constraints":{"isEmail":"Type a valid e-mail","isNotEmpty":"email should not be empty"}},{"target":{"name":"login","email":null,"password":"1234"},"value":"1234","property":"password","children":[],"constraints":{"minLength":"Password must have more than 6 characters"}}]},"level":"error"}
{"success":false,"message":"Error on login user","code":400,"data":null,"error":{"hasValidationErrors":true,"validationErrors":[{"target":{"name":"login","email":null,"password":"1234"},"value":null,"property":"email","children":[],"constraints":{"isEmail":"Type a valid e-mail","isNotEmpty":"email should not be empty"}},{"target":{"name":"login","email":null,"password":"1234"},"value":"1234","property":"password","children":[],"constraints":{"minLength":"Password must have more than 6 characters"}}]},"level":"error"}
{"success":false,"message":"Error on login user","code":400,"data":null,"error":{"hasValidationErrors":true,"validationErrors":[{"target":{"name":"login","email":null,"password":"121"},"value":null,"property":"email","children":[],"constraints":{"isEmail":"Type a valid e-mail","isNotEmpty":"email should not be empty"}},{"target":{"name":"login","email":null,"password":"121"},"value":"121","property":"password","children":[],"constraints":{"minLength":"Password must have more than 6 characters"}}]},"level":"error"}
{"success":false,"message":"Error on login user","code":400,"data":null,"error":{"hasValidationErrors":true,"validationErrors":[{"target":{"name":"login","email":null,"password":"12324"},"value":null,"property":"email","children":[],"constraints":{"isEmail":"Type a valid e-mail","isNotEmpty":"email should not be empty"}},{"target":{"name":"login","email":null,"password":"12324"},"value":"12324","property":"password","children":[],"constraints":{"minLength":"Password must have more than 6 characters"}}]},"level":"error"}
{"success":false,"message":"Error on login user","code":400,"data":null,"error":{"hasValidationErrors":true,"validationErrors":[{"target":{"name":"login","email":null,"password":"12324"},"value":null,"property":"email","children":[],"constraints":{"isEmail":"Type a valid e-mail","isNotEmpty":"email should not be empty"}},{"target":{"name":"login","email":null,"password":"12324"},"value":"12324","property":"password","children":[],"constraints":{"minLength":"Password must have more than 6 characters"}}]},"level":"error"}
{"success":false,"message":"Error on login user","code":400,"data":null,"error":{"hasValidationErrors":true,"validationErrors":[{"target":{"name":"login","email":null,"password":"1232412"},"value":null,"property":"email","children":[],"constraints":{"isEmail":"Type a valid e-mail","isNotEmpty":"email should not be empty"}}]},"level":"error"}
{"success":false,"message":"Error on login user","code":400,"data":null,"error":{"hasValidationErrors":true,"validationErrors":[{"target":{"name":"login","email":null,"password":"1232412"},"value":null,"property":"email","children":[],"constraints":{"isEmail":"Type a valid e-mail","isNotEmpty":"email should not be empty"}}]},"level":"error"}
{"success":false,"message":"Error on login user","code":400,"data":null,"error":{"hasValidationErrors":true,"validationErrors":[{"target":{"name":"login","email":null,"password":"1232412"},"value":null,"property":"email","children":[],"constraints":{"isEmail":"Type a valid e-mail","isNotEmpty":"email should not be empty"}}]},"level":"error"}
{"success":false,"message":"Error on login user","code":400,"data":null,"error":{"hasValidationErrors":true,"validationErrors":[{"target":{"name":"login","email":null,"password":"121"},"value":null,"property":"email","children":[],"constraints":{"isEmail":"Type a valid e-mail","isNotEmpty":"email should not be empty"}},{"target":{"name":"login","email":null,"password":"121"},"value":"121","property":"password","children":[],"constraints":{"minLength":"Password must have more than 6 characters"}}]},"level":"error"}
{"message":"Server is listening on 8000","level":"info"}
{"success":false,"message":"Error on login user","code":400,"data":null,"error":{"hasValidationErrors":true,"validationErrors":[{"target":{"name":"login","email":null,"password":"1212"},"value":null,"property":"email","children":[],"constraints":{"isEmail":"Type a valid e-mail","isNotEmpty":"email should not be empty"}},{"target":{"name":"login","email":null,"password":"1212"},"value":"1212","property":"password","children":[],"constraints":{"minLength":"Password must have more than 6 characters"}}]},"level":"error"}
{"success":false,"message":"Error on login user","code":400,"data":null,"error":{"hasValidationErrors":true,"validationErrors":[{"target":{"name":"login","email":"asas","password":"1212"},"value":"asas","property":"email","children":[],"constraints":{"isEmail":"Type a valid e-mail"}},{"target":{"name":"login","email":"asas","password":"1212"},"value":"1212","property":"password","children":[],"constraints":{"minLength":"Password must have more than 6 characters"}}]},"level":"error"}
{"success":false,"message":"Error on login user","code":400,"data":null,"error":{"hasValidationErrors":true,"validationErrors":[{"target":{"name":"login","email":"asa","password":"122"},"value":"asa","property":"email","children":[],"constraints":{"isEmail":"Type a valid e-mail"}},{"target":{"name":"login","email":"asa","password":"122"},"value":"122","property":"password","children":[],"constraints":{"minLength":"Password must have more than 6 characters"}}]},"level":"error"}
{"success":false,"message":"Error on login user","code":400,"data":null,"error":{"hasValidationErrors":true,"validationErrors":[{"target":{"name":"login","email":"assa","password":"asas"},"value":"assa","property":"email","children":[],"constraints":{"isEmail":"Type a valid e-mail"}},{"target":{"name":"login","email":"assa","password":"asas"},"value":"asas","property":"password","children":[],"constraints":{"minLength":"Password must have more than 6 characters"}}]},"level":"error"}
{"success":false,"message":"Error on login user","code":400,"data":null,"error":{"hasValidationErrors":true,"validationErrors":[{"target":{"name":"login","email":"asa","password":"1212"},"value":"asa","property":"email","children":[],"constraints":{"isEmail":"Type a valid e-mail"}},{"target":{"name":"login","email":"asa","password":"1212"},"value":"1212","property":"password","children":[],"constraints":{"minLength":"Password must have more than 6 characters"}}]},"level":"error"}
{"message":"Server is listening on 8000","level":"info"}
